+++++++++ Opened ++++++++
Running CAN Mode
RoboteqCom - connecting
SerialPort - opening /dev/ttyUSB0
SerialPort - connected /dev/ttyUSB0
RoboteqCom - connected 
RoboteqCom - ver: Roboteq v1.4a SDC2XXX 11/21/201
RoboteqCom - mod: SDC216
RoboteqCom - login ok
RoboteqCom - reader started
SerialPort - disconnect
+++++++++ Opened ++++++++
Running CAN Mode
RoboteqCom - connecting
SerialPort - opening /dev/ttyUSB0
SerialPort - connected /dev/ttyUSB0
RoboteqCom - connected 
RoboteqCom - ver: Roboteq v1.4a SDC2XXX 11/21/201
RoboteqCom - mod: SDC216
RoboteqCom - login ok
RoboteqCom - reader started
SerialPort - disconnect
+++++++++ Opened ++++++++
Running CAN Mode
RoboteqCom - connecting
SerialPort - opening /dev/ttyUSB0
SerialPort - connected /dev/ttyUSB0
RoboteqCom - connected 
RoboteqCom - ver: Roboteq v1.4a SDC2XXX 11/21/201
RoboteqCom - mod: SDC216
RoboteqCom - login ok
RoboteqCom - reader started
SerialPort - disconnect
+++++++++ Opened ++++++++
Running CAN Mode
RoboteqCom - connecting
SerialPort - opening /dev/ttyUSB0
SerialPort - connected /dev/ttyUSB0
RoboteqCom - connected 
RoboteqCom - ver: Roboteq v1.4a SDC2XXX 11/21/201
RoboteqCom - mod: SDC216
RoboteqCom - login ok
RoboteqCom - reader started
SerialPort - disconnect
+++++++++ Opened ++++++++
Running CAN Mode
RoboteqCom - connecting
SerialPort - opening /dev/ttyUSB0
SerialPort - connected /dev/ttyUSB0
RoboteqCom - connected 
RoboteqCom - ver: Roboteq v1.4a SDC2XXX 11/21/201
RoboteqCom - mod: SDC216
RoboteqCom - login ok
RoboteqCom - reader started
SerialPort - disconnect
+++++++++ Opened ++++++++
Running CAN Mode
RoboteqCom - connecting
SerialPort - opening /dev/ttyUSB0
SerialPort - connected /dev/ttyUSB0
RoboteqCom - connected 
RoboteqCom - ver: Roboteq v1.4a SDC2XXX 11/21/201
RoboteqCom - mod: SDC216
RoboteqCom - login ok
RoboteqCom - reader started
SerialPort - disconnect
+++++++++ Opened ++++++++
Running CAN Mode
RoboteqCom - connecting
SerialPort - opening /dev/ttyUSB0
SerialPort - connected /dev/ttyUSB0
RoboteqCom - connected 
RoboteqCom - ver: Roboteq v1.4a SDC2XXX 11/21/201
RoboteqCom - mod: SDC216
RoboteqCom - login ok
RoboteqCom - reader started
SerialPort - disconnect
+++++++++ Opened ++++++++
Running CAN Mode
RoboteqCom - connecting
SerialPort - opening /dev/ttyUSB0
SerialPort - connected /dev/ttyUSB0
RoboteqCom - connected 
RoboteqCom - ver: Roboteq v1.4a SDC2XXX 11/21/201
RoboteqCom - mod: SDC216
RoboteqCom - login ok
RoboteqCom - reader started
+++++++++ Opened ++++++++
Running CAN Mode
RoboteqCom - connecting
SerialPort - opening /dev/ttyUSB0
+++++++++ Opened ++++++++
Running CAN Mode
RoboteqCom - connecting
SerialPort - opening /dev/ttyUSB0
SerialPort - connected /dev/ttyUSB0
RoboteqCom - connected 
RoboteqCom - ver: Roboteq v1.4a SDC2XXX 11/21/201
RoboteqCom - mod: SDC216
RoboteqCom - login ok
RoboteqCom - reader started
SerialPort - disconnect
RoboteqCom - reader exiting
+++++++++ Opened ++++++++
Running CAN Mode
RoboteqCom - connecting
SerialPort - opening /dev/ttyUSB0
SerialPort - connected /dev/ttyUSB0
RoboteqCom - connected 
RoboteqCom - ver: Roboteq v1.4a SDC2XXX 11/21/201
RoboteqCom - mod: SDC216
RoboteqCom - login ok
RoboteqCom - reader started
SerialPort - disconnect
RoboteqCom - reader exiting
+++++++++ Opened ++++++++
Running CAN Mode
RoboteqCom - connecting
SerialPort - opening /dev/ttyUSB0
SerialPort - connected /dev/ttyUSB0
RoboteqCom - connected 
RoboteqCom - ver: Roboteq v1.4a SDC2XXX 11/21/201
RoboteqCom - mod: SDC216
RoboteqCom - login ok
RoboteqCom - reader started
SerialPort - disconnect
RoboteqCom - reader exiting
+++++++++ Opened ++++++++
Running CAN Mode
RoboteqCom - connecting
SerialPort - opening /dev/ttyUSB0
SerialPort - connected /dev/ttyUSB0
RoboteqCom - connected 
RoboteqCom - ver: Roboteq v1.4a SDC2XXX 11/21/201
RoboteqCom - mod: SDC216
RoboteqCom - login ok
RoboteqCom - reader started
SerialPort - disconnect
RoboteqCom - reader exiting
+++++++++ Opened ++++++++
Running CAN Mode
RoboteqCom - connecting
SerialPort - opening /dev/ttyUSB0
SerialPort - connected /dev/ttyUSB0
RoboteqCom - connected 
RoboteqCom - ver: Roboteq v1.4a SDC2XXX 11/21/201
RoboteqCom - mod: SDC216
RoboteqCom - login ok
RoboteqCom - reader started
SerialPort - disconnect
RoboteqCom - reader exiting
+++++++++ Opened ++++++++
Running CAN Mode
RoboteqCom - connecting
SerialPort - opening /dev/ttyUSB0
SerialPort - connected /dev/ttyUSB0
RoboteqCom - connected 
RoboteqCom - ver: Roboteq v1.4a SDC2XXX 11/21/201
RoboteqCom - mod: SDC216
RoboteqCom - login ok
RoboteqCom - reader started
SerialPort - disconnect
RoboteqCom - reader exiting
+++++++++ Opened ++++++++
Running CAN Mode
RoboteqCom - connecting [CAN]
SerialPort - setting up raw mode
SerialPort - setting baud to 115200
SerialPort - setting up data size to 8 bits
SerialPort - setting up 1 stop bit
SerialPort - disable parity
SerialPort - disable flow control
SerialPort - opening /dev/ttyUSB0
SerialPort - connected /dev/ttyUSB0
RoboteqCom - connected
RoboteqCom - ver: Roboteq v1.4a SDC2XXX 11/21/201
RoboteqCom - mod: SDC216
RoboteqCom - login ok
RoboteqCom - reader started
SerialPort - disconnect
RoboteqCom - joining reader
